{
  "RSpec": {
    "coverage": {
      "/Users/zuzanka/Documents/CODING/mladiinfo_social/app/controllers/users_controller.rb": [
        null,
        1,
        1,
        1,
        null,
        1,
        8,
        null,
        null,
        1,
        7,
        7,
        3,
        3,
        3,
        null,
        4,
        null,
        null,
        null,
        1,
        21,
        null,
        null,
        1,
        4,
        null,
        null,
        1,
        2,
        2,
        1,
        1,
        null,
        1,
        null,
        null,
        null,
        1,
        5,
        null,
        null,
        1,
        1,
        9,
        null,
        null,
        1,
        24,
        24,
        null,
        null,
        1,
        9,
        9,
        null,
        null
      ],
      "/Users/zuzanka/Documents/CODING/mladiinfo_social/app/controllers/application_controller.rb": [
        1,
        null,
        null,
        null,
        1,
        null
      ],
      "/Users/zuzanka/Documents/CODING/mladiinfo_social/spec/models/category_spec.rb": [
        1,
        null,
        1,
        1,
        1,
        null,
        null
      ],
      "/Users/zuzanka/Documents/CODING/mladiinfo_social/app/models/category.rb": [
        1,
        null
      ],
      "/Users/zuzanka/Documents/CODING/mladiinfo_social/spec/models/post_spec.rb": [
        1,
        null,
        1,
        1,
        null
      ],
      "/Users/zuzanka/Documents/CODING/mladiinfo_social/app/models/post.rb": [
        1,
        null
      ],
      "/Users/zuzanka/Documents/CODING/mladiinfo_social/spec/models/topic_spec.rb": [
        1,
        null,
        1,
        1,
        null
      ],
      "/Users/zuzanka/Documents/CODING/mladiinfo_social/app/models/topic.rb": [
        1,
        1,
        null
      ],
      "/Users/zuzanka/Documents/CODING/mladiinfo_social/spec/models/user_spec.rb": [
        1,
        null,
        1,
        1,
        1,
        null,
        null,
        1,
        1,
        null,
        null,
        1,
        1,
        null,
        null,
        1,
        1,
        null,
        null,
        1,
        1,
        1,
        null,
        null,
        1,
        1,
        1,
        null,
        null,
        1,
        1,
        null,
        null,
        1,
        1,
        null,
        null,
        1,
        1,
        null,
        null,
        null,
        1,
        3,
        3,
        3,
        2,
        null,
        1,
        1,
        null,
        null,
        1,
        1,
        null,
        null,
        null,
        1,
        1,
        1,
        null,
        null,
        1,
        1,
        1,
        1,
        null,
        null,
        1,
        1,
        null,
        null,
        1,
        5,
        null,
        null,
        null,
        1,
        1,
        1,
        4,
        null,
        null,
        null,
        null,
        1,
        4,
        null,
        1,
        1,
        null,
        null,
        1,
        1,
        null,
        null,
        1,
        1,
        1,
        null,
        null,
        null
      ],
      "/Users/zuzanka/Documents/CODING/mladiinfo_social/app/models/user.rb": [
        1,
        1,
        1,
        1,
        null,
        122,
        1,
        1,
        null,
        1,
        null,
        1,
        119,
        null,
        null,
        1,
        337,
        null,
        null,
        1,
        1,
        98,
        null,
        null
      ],
      "/Users/zuzanka/Documents/CODING/mladiinfo_social/spec/requests/authentication_pages_spec.rb": [
        null,
        1,
        1,
        null,
        1,
        15,
        7,
        null,
        1,
        1,
        null,
        null,
        1,
        1,
        1,
        1,
        null,
        null,
        1,
        1,
        1,
        null,
        null,
        null,
        1,
        7,
        null,
        1,
        1,
        null,
        null,
        1,
        1,
        null,
        null,
        1,
        1,
        null,
        null,
        1,
        1,
        null,
        null,
        1,
        1,
        null,
        null,
        1,
        1,
        1,
        null,
        null,
        null,
        1,
        3,
        1,
        1,
        1,
        null,
        null,
        1,
        1,
        1,
        null,
        null,
        null,
        null,
        1,
        4,
        4,
        4,
        null,
        1,
        3,
        2,
        2,
        null,
        null,
        1,
        2,
        2,
        null,
        null,
        null,
        null
      ],
      "/Users/zuzanka/Documents/CODING/mladiinfo_social/spec/utilities.rb": [
        1,
        18,
        null,
        3,
        3,
        3,
        null,
        15,
        15,
        15,
        15,
        null,
        null
      ],
      "/Users/zuzanka/Documents/CODING/mladiinfo_social/spec/requests/user_pages_spec.rb": [
        null,
        1,
        1,
        null,
        1,
        null,
        7,
        null,
        1,
        2,
        2,
        null,
        1,
        1,
        null,
        null,
        null,
        1,
        6,
        5,
        null,
        1,
        1,
        null,
        null,
        1,
        2,
        null,
        null,
        1,
        1,
        1,
        1,
        1,
        2,
        null,
        null,
        1,
        1,
        1,
        1,
        1,
        1,
        1,
        null,
        null,
        1,
        1,
        1,
        null,
        null,
        null,
        1,
        5,
        1,
        4,
        4,
        null,
        null,
        1,
        1,
        null,
        null,
        1,
        1,
        null,
        null,
        1,
        1,
        1,
        1,
        null,
        null,
        1,
        1,
        1,
        1,
        1,
        1,
        1,
        null,
        null,
        null,
        1,
        9,
        null,
        1,
        1,
        null,
        null,
        1,
        1,
        1,
        1,
        1,
        null,
        1,
        null,
        null,
        1,
        1,
        0,
        null,
        null,
        null,
        1,
        null,
        1,
        2,
        62,
        2,
        null,
        null,
        3,
        null,
        1,
        1,
        null,
        null,
        1,
        1,
        30,
        null,
        null,
        null,
        null,
        1,
        1,
        1,
        null,
        null,
        1,
        3,
        1,
        2,
        2,
        null,
        null,
        1,
        1,
        null,
        null,
        1,
        2,
        null,
        null,
        null,
        null,
        null,
        null
      ],
      "/Users/zuzanka/Documents/CODING/mladiinfo_social/app/controllers/sessions_controller.rb": [
        1,
        1,
        null,
        null,
        1,
        16,
        null,
        16,
        15,
        15,
        null,
        1,
        1,
        null,
        null,
        null,
        1,
        1,
        1,
        null,
        null
      ],
      "/Users/zuzanka/Documents/CODING/mladiinfo_social/app/controllers/static_pages_controller.rb": [
        1,
        1,
        null,
        null
      ]
    },
    "timestamp": 1381439231
  }
}
